This is XeTeX, Version 3.14159265-2.6-0.999991 (TeX Live 2019) (preloaded format=xelatex 2019.7.2)  26 NOV 2020 14:34
entering extended mode
 restricted \write18 enabled.
 %&-line parsing enabled.
**/Users/faiz/Development/Personal/try-pollen/pollen-latex-work/temp.ltx
(/Users/faiz/Development/Personal/try-pollen/pollen-latex-work/temp.ltx
LaTeX2e <2018-12-01>

! LaTeX Error: File `tufte-handout.cls' not found.

Type X to quit or <RETURN> to proceed,
or enter new name. (Default extension: cls)

Enter file name: 
! Emergency stop.
<read *> 
         
l.2 \let
        \orignewcommand\newcommand  % store the original \newcommand^^M
End of file on the terminal!

 
Here is how much of TeX's memory you used:
 9 strings out of 494425
 353 string characters out of 6164831
 58010 words of memory out of 5000000
 4068 multiletter control sequences out of 15000+600000
 3640 words of font info for 14 fonts, out of 8000000 for 9000
 319 hyphenation exceptions out of 8191
 10i,0n,8p,160b,8s stack positions out of 5000i,500n,10000p,200000b,80000s
No pages of output.
